-------------------------------------------------------------------------------
Test set: BLL.OPC.ClientBaseTest
-------------------------------------------------------------------------------
Tests run: 9, Failures: 9, Errors: 0, Skipped: 0, Time elapsed: 0.005 sec <<< FAILURE!
BLL.OPC.ClientBaseTest.testGetUsername()  Time elapsed: 0.003 sec  <<< FAILURE!
java.lang.NullPointerException
	at BLL.OPC.ClientBaseTest.testGetUsername(ClientBaseTest.java:53)

BLL.OPC.ClientBaseTest.testRun()  Time elapsed: 0 sec  <<< FAILURE!
java.lang.NullPointerException
	at BLL.OPC.ClientBaseTest.testRun(ClientBaseTest.java:164)

BLL.OPC.ClientBaseTest.testGetEndpointURL()  Time elapsed: 0 sec  <<< FAILURE!
java.lang.NullPointerException
	at BLL.OPC.ClientBaseTest.testGetEndpointURL(ClientBaseTest.java:107)

BLL.OPC.ClientBaseTest.testSetUsername()  Time elapsed: 0 sec  <<< FAILURE!
java.lang.NullPointerException
	at BLL.OPC.ClientBaseTest.testSetUsername(ClientBaseTest.java:67)

BLL.OPC.ClientBaseTest.testGetPassword()  Time elapsed: 0 sec  <<< FAILURE!
java.lang.NullPointerException
	at BLL.OPC.ClientBaseTest.testGetPassword(ClientBaseTest.java:80)

BLL.OPC.ClientBaseTest.testSetPassword()  Time elapsed: 0 sec  <<< FAILURE!
java.lang.NullPointerException
	at BLL.OPC.ClientBaseTest.testSetPassword(ClientBaseTest.java:94)

BLL.OPC.ClientBaseTest.testGetIdentityProvider()  Time elapsed: 0 sec  <<< FAILURE!
java.lang.NullPointerException
	at BLL.OPC.ClientBaseTest.testGetIdentityProvider(ClientBaseTest.java:149)

BLL.OPC.ClientBaseTest.testGetMessageSecurityMode()  Time elapsed: 0 sec  <<< FAILURE!
java.lang.NullPointerException
	at BLL.OPC.ClientBaseTest.testGetMessageSecurityMode(ClientBaseTest.java:135)

BLL.OPC.ClientBaseTest.testGetSecurityPolicy()  Time elapsed: 0 sec  <<< FAILURE!
java.lang.NullPointerException
	at BLL.OPC.ClientBaseTest.testGetSecurityPolicy(ClientBaseTest.java:121)

