<?xml version="1.0" encoding="UTF-8" ?>
<testsuite tests="2" failures="1" name="DAL.SQLConfigurationReaderTest" time="140.162" errors="0" skipped="0">
  <properties>
[...]
</properties>
  <testcase classname="DAL.SQLConfigurationReaderTest" name="DAL.SQLConfigurationReaderTest.testGetConfig" time="138.523"/>
  <testcase classname="DAL.SQLConfigurationReaderTest" name="DAL.SQLConfigurationReaderTest.testGetAllConfigs" time="1.639">
    <failure message="NamedQuery of name: Sqldata.findAll not found." type="java.lang.IllegalArgumentException">java.lang.IllegalArgumentException: NamedQuery of name: Sqldata.findAll not found.
	at org.eclipse.persistence.internal.jpa.QueryImpl.getDatabaseQueryInternal(QueryImpl.java:364)
	at org.eclipse.persistence.internal.jpa.EntityManagerImpl.createNamedQuery(EntityManagerImpl.java:1239)
	at DAL.SQLConfigurationReader.getAllConfigs(SQLConfigurationReader.java:60)
	at DAL.SQLConfigurationReaderTest.testGetAllConfigs(SQLConfigurationReaderTest.java:62)
</failure>
    <system-out>getAllConfigs
[EL Info]: 2019-11-11 12:54:41.495--ServerSession(1114525788)--EclipseLink, version: Eclipse Persistence Services - 2.7.4.v20190115-ad5b7c6b2a
[EL Info]: connection: 2019-11-11 12:54:42.022--ServerSession(1114525788)--/file:/C:/Users/Developer/Documents/GitHub/DataCollectorDesktop/target/classes/_DataManager login successful
</system-out>
  </testcase>
</testsuite>