<?xml version="1.0" encoding="UTF-8" ?>
<testsuite tests="9" failures="9" name="BLL.OPC.ClientBaseTest" time="0.003" errors="0" skipped="0">
  <properties>
[...]
</properties>
  <testcase classname="BLL.OPC.ClientBaseTest" name="BLL.OPC.ClientBaseTest.testGetUsername" time="0.003">
    <failure type="java.lang.NullPointerException">java.lang.NullPointerException
	at BLL.OPC.ClientBaseTest.testGetUsername(ClientBaseTest.java:53)
</failure>
    <system-out>getUsername
</system-out>
  </testcase>
  <testcase classname="BLL.OPC.ClientBaseTest" name="BLL.OPC.ClientBaseTest.testRun" time="0">
    <failure type="java.lang.NullPointerException">java.lang.NullPointerException
	at BLL.OPC.ClientBaseTest.testRun(ClientBaseTest.java:164)
</failure>
    <system-out>run
</system-out>
  </testcase>
  <testcase classname="BLL.OPC.ClientBaseTest" name="BLL.OPC.ClientBaseTest.testGetEndpointURL" time="0">
    <failure type="java.lang.NullPointerException">java.lang.NullPointerException
	at BLL.OPC.ClientBaseTest.testGetEndpointURL(ClientBaseTest.java:107)
</failure>
    <system-out>getEndpointURL
</system-out>
  </testcase>
  <testcase classname="BLL.OPC.ClientBaseTest" name="BLL.OPC.ClientBaseTest.testSetUsername" time="0">
    <failure type="java.lang.NullPointerException">java.lang.NullPointerException
	at BLL.OPC.ClientBaseTest.testSetUsername(ClientBaseTest.java:67)
</failure>
    <system-out>setUsername
</system-out>
  </testcase>
  <testcase classname="BLL.OPC.ClientBaseTest" name="BLL.OPC.ClientBaseTest.testGetPassword" time="0">
    <failure type="java.lang.NullPointerException">java.lang.NullPointerException
	at BLL.OPC.ClientBaseTest.testGetPassword(ClientBaseTest.java:80)
</failure>
    <system-out>getPassword
</system-out>
  </testcase>
  <testcase classname="BLL.OPC.ClientBaseTest" name="BLL.OPC.ClientBaseTest.testSetPassword" time="0">
    <failure type="java.lang.NullPointerException">java.lang.NullPointerException
	at BLL.OPC.ClientBaseTest.testSetPassword(ClientBaseTest.java:94)
</failure>
    <system-out>setPassword
</system-out>
  </testcase>
  <testcase classname="BLL.OPC.ClientBaseTest" name="BLL.OPC.ClientBaseTest.testGetIdentityProvider" time="0">
    <failure type="java.lang.NullPointerException">java.lang.NullPointerException
	at BLL.OPC.ClientBaseTest.testGetIdentityProvider(ClientBaseTest.java:149)
</failure>
    <system-out>getIdentityProvider
</system-out>
  </testcase>
  <testcase classname="BLL.OPC.ClientBaseTest" name="BLL.OPC.ClientBaseTest.testGetMessageSecurityMode" time="0">
    <failure type="java.lang.NullPointerException">java.lang.NullPointerException
	at BLL.OPC.ClientBaseTest.testGetMessageSecurityMode(ClientBaseTest.java:135)
</failure>
    <system-out>getMessageSecurityMode
</system-out>
  </testcase>
  <testcase classname="BLL.OPC.ClientBaseTest" name="BLL.OPC.ClientBaseTest.testGetSecurityPolicy" time="0">
    <failure type="java.lang.NullPointerException">java.lang.NullPointerException
	at BLL.OPC.ClientBaseTest.testGetSecurityPolicy(ClientBaseTest.java:121)
</failure>
    <system-out>getSecurityPolicy
</system-out>
  </testcase>
</testsuite>